12-Aug-2024 22:04:54.717 INFO [main] org.apache.catalina.core.ApplicationContext.log ContextListener: contextInitialized()
12-Aug-2024 22:04:54.717 INFO [main] org.apache.catalina.core.ApplicationContext.log SessionListener: contextInitialized()
12-Aug-2024 22:04:54.719 INFO [main] org.apache.catalina.core.ApplicationContext.log ContextListener: attributeAdded('StockTicker', 'async.Stockticker@776a6d9b')
12-Aug-2024 22:04:55.924 INFO [main] org.apache.catalina.core.ApplicationContext.log SessionListener: contextDestroyed()
12-Aug-2024 22:04:55.924 INFO [main] org.apache.catalina.core.ApplicationContext.log ContextListener: contextDestroyed()
12-Aug-2024 22:05:18.112 INFO [main] org.apache.catalina.core.ApplicationContext.log ContextListener: contextInitialized()
12-Aug-2024 22:05:18.112 INFO [main] org.apache.catalina.core.ApplicationContext.log SessionListener: contextInitialized()
12-Aug-2024 22:05:18.112 INFO [main] org.apache.catalina.core.ApplicationContext.log ContextListener: attributeAdded('StockTicker', 'async.Stockticker@776a6d9b')
12-Aug-2024 22:05:19.452 INFO [main] org.apache.catalina.core.ApplicationContext.log SessionListener: contextDestroyed()
12-Aug-2024 22:05:19.452 INFO [main] org.apache.catalina.core.ApplicationContext.log ContextListener: contextDestroyed()
12-Aug-2024 22:05:36.636 INFO [main] org.apache.catalina.core.ApplicationContext.log ContextListener: contextInitialized()
12-Aug-2024 22:05:36.636 INFO [main] org.apache.catalina.core.ApplicationContext.log SessionListener: contextInitialized()
12-Aug-2024 22:05:36.636 INFO [main] org.apache.catalina.core.ApplicationContext.log ContextListener: attributeAdded('StockTicker', 'async.Stockticker@776a6d9b')
12-Aug-2024 22:05:37.917 INFO [main] org.apache.catalina.core.ApplicationContext.log SessionListener: contextDestroyed()
12-Aug-2024 22:05:37.917 INFO [main] org.apache.catalina.core.ApplicationContext.log ContextListener: contextDestroyed()
12-Aug-2024 22:05:44.845 INFO [main] org.apache.catalina.core.ApplicationContext.log ContextListener: contextInitialized()
12-Aug-2024 22:05:44.845 INFO [main] org.apache.catalina.core.ApplicationContext.log SessionListener: contextInitialized()
12-Aug-2024 22:05:44.850 INFO [main] org.apache.catalina.core.ApplicationContext.log ContextListener: attributeAdded('StockTicker', 'async.Stockticker@776a6d9b')
12-Aug-2024 22:05:46.222 INFO [main] org.apache.catalina.core.ApplicationContext.log SessionListener: contextDestroyed()
12-Aug-2024 22:05:46.222 INFO [main] org.apache.catalina.core.ApplicationContext.log ContextListener: contextDestroyed()
12-Aug-2024 22:05:55.579 INFO [main] org.apache.catalina.core.ApplicationContext.log ContextListener: contextInitialized()
12-Aug-2024 22:05:55.579 INFO [main] org.apache.catalina.core.ApplicationContext.log SessionListener: contextInitialized()
12-Aug-2024 22:05:55.586 INFO [main] org.apache.catalina.core.ApplicationContext.log ContextListener: attributeAdded('StockTicker', 'async.Stockticker@776a6d9b')
12-Aug-2024 22:05:56.942 INFO [main] org.apache.catalina.core.ApplicationContext.log SessionListener: contextDestroyed()
12-Aug-2024 22:05:56.942 INFO [main] org.apache.catalina.core.ApplicationContext.log ContextListener: contextDestroyed()
12-Aug-2024 22:06:22.608 INFO [main] org.apache.catalina.core.ApplicationContext.log ContextListener: contextInitialized()
12-Aug-2024 22:06:22.608 INFO [main] org.apache.catalina.core.ApplicationContext.log SessionListener: contextInitialized()
12-Aug-2024 22:06:22.608 INFO [main] org.apache.catalina.core.ApplicationContext.log ContextListener: attributeAdded('StockTicker', 'async.Stockticker@776a6d9b')
12-Aug-2024 22:06:23.748 INFO [main] org.apache.catalina.core.ApplicationContext.log SessionListener: contextDestroyed()
12-Aug-2024 22:06:23.748 INFO [main] org.apache.catalina.core.ApplicationContext.log ContextListener: contextDestroyed()
12-Aug-2024 22:08:34.320 INFO [main] org.apache.catalina.core.ApplicationContext.log ContextListener: contextInitialized()
12-Aug-2024 22:08:34.322 INFO [main] org.apache.catalina.core.ApplicationContext.log SessionListener: contextInitialized()
12-Aug-2024 22:08:34.325 INFO [main] org.apache.catalina.core.ApplicationContext.log ContextListener: attributeAdded('StockTicker', 'async.Stockticker@776a6d9b')
12-Aug-2024 22:08:37.936 INFO [main] org.apache.catalina.core.ApplicationContext.log SessionListener: contextDestroyed()
12-Aug-2024 22:08:37.936 INFO [main] org.apache.catalina.core.ApplicationContext.log ContextListener: contextDestroyed()
12-Aug-2024 22:09:52.382 INFO [main] org.apache.catalina.core.ApplicationContext.log ContextListener: contextInitialized()
12-Aug-2024 22:09:52.382 INFO [main] org.apache.catalina.core.ApplicationContext.log SessionListener: contextInitialized()
12-Aug-2024 22:09:52.393 INFO [main] org.apache.catalina.core.ApplicationContext.log ContextListener: attributeAdded('StockTicker', 'async.Stockticker@776a6d9b')
12-Aug-2024 22:09:53.833 INFO [main] org.apache.catalina.core.ApplicationContext.log SessionListener: contextDestroyed()
12-Aug-2024 22:09:53.833 INFO [main] org.apache.catalina.core.ApplicationContext.log ContextListener: contextDestroyed()
12-Aug-2024 22:15:25.351 INFO [main] org.apache.catalina.core.ApplicationContext.log ContextListener: contextInitialized()
12-Aug-2024 22:15:25.351 INFO [main] org.apache.catalina.core.ApplicationContext.log SessionListener: contextInitialized()
12-Aug-2024 22:15:25.351 INFO [main] org.apache.catalina.core.ApplicationContext.log ContextListener: attributeAdded('StockTicker', 'async.Stockticker@776a6d9b')
12-Aug-2024 22:15:28.421 INFO [main] org.apache.catalina.core.ApplicationContext.log SessionListener: contextDestroyed()
12-Aug-2024 22:15:28.421 INFO [main] org.apache.catalina.core.ApplicationContext.log ContextListener: contextDestroyed()
12-Aug-2024 22:16:15.239 INFO [main] org.apache.catalina.core.ApplicationContext.log ContextListener: contextInitialized()
12-Aug-2024 22:16:15.239 INFO [main] org.apache.catalina.core.ApplicationContext.log SessionListener: contextInitialized()
12-Aug-2024 22:16:15.248 INFO [main] org.apache.catalina.core.ApplicationContext.log ContextListener: attributeAdded('StockTicker', 'async.Stockticker@776a6d9b')
12-Aug-2024 22:16:16.753 INFO [main] org.apache.catalina.core.ApplicationContext.log SessionListener: contextDestroyed()
12-Aug-2024 22:16:16.754 INFO [main] org.apache.catalina.core.ApplicationContext.log ContextListener: contextDestroyed()
12-Aug-2024 22:17:17.903 INFO [main] org.apache.catalina.core.ApplicationContext.log ContextListener: contextInitialized()
12-Aug-2024 22:17:17.903 INFO [main] org.apache.catalina.core.ApplicationContext.log SessionListener: contextInitialized()
12-Aug-2024 22:17:17.936 INFO [main] org.apache.catalina.core.ApplicationContext.log ContextListener: attributeAdded('StockTicker', 'async.Stockticker@776a6d9b')
12-Aug-2024 22:17:22.238 INFO [main] org.apache.catalina.core.ApplicationContext.log SessionListener: contextDestroyed()
12-Aug-2024 22:17:22.238 INFO [main] org.apache.catalina.core.ApplicationContext.log ContextListener: contextDestroyed()
