13-Aug-2024 16:42:45.527 INFO [main] org.apache.catalina.core.ApplicationContext.log ContextListener: contextInitialized()
13-Aug-2024 16:42:45.527 INFO [main] org.apache.catalina.core.ApplicationContext.log SessionListener: contextInitialized()
13-Aug-2024 16:42:45.527 INFO [main] org.apache.catalina.core.ApplicationContext.log ContextListener: attributeAdded('StockTicker', 'async.Stockticker@776a6d9b')
13-Aug-2024 16:42:46.915 INFO [main] org.apache.catalina.core.ApplicationContext.log SessionListener: contextDestroyed()
13-Aug-2024 16:42:46.915 INFO [main] org.apache.catalina.core.ApplicationContext.log ContextListener: contextDestroyed()
13-Aug-2024 16:43:29.029 INFO [main] org.apache.catalina.core.ApplicationContext.log ContextListener: contextInitialized()
13-Aug-2024 16:43:29.029 INFO [main] org.apache.catalina.core.ApplicationContext.log SessionListener: contextInitialized()
13-Aug-2024 16:43:29.038 INFO [main] org.apache.catalina.core.ApplicationContext.log ContextListener: attributeAdded('StockTicker', 'async.Stockticker@776a6d9b')
13-Aug-2024 16:43:30.645 INFO [main] org.apache.catalina.core.ApplicationContext.log SessionListener: contextDestroyed()
13-Aug-2024 16:43:30.645 INFO [main] org.apache.catalina.core.ApplicationContext.log ContextListener: contextDestroyed()
13-Aug-2024 16:50:34.163 INFO [main] org.apache.catalina.core.ApplicationContext.log ContextListener: contextInitialized()
13-Aug-2024 16:50:34.163 INFO [main] org.apache.catalina.core.ApplicationContext.log SessionListener: contextInitialized()
13-Aug-2024 16:50:34.163 INFO [main] org.apache.catalina.core.ApplicationContext.log ContextListener: attributeAdded('StockTicker', 'async.Stockticker@776a6d9b')
13-Aug-2024 16:50:35.011 INFO [main] org.apache.catalina.core.ApplicationContext.log SessionListener: contextDestroyed()
13-Aug-2024 16:50:35.011 INFO [main] org.apache.catalina.core.ApplicationContext.log ContextListener: contextDestroyed()
13-Aug-2024 16:50:44.292 INFO [main] org.apache.catalina.core.ApplicationContext.log ContextListener: contextInitialized()
13-Aug-2024 16:50:44.292 INFO [main] org.apache.catalina.core.ApplicationContext.log SessionListener: contextInitialized()
13-Aug-2024 16:50:44.298 INFO [main] org.apache.catalina.core.ApplicationContext.log ContextListener: attributeAdded('StockTicker', 'async.Stockticker@776a6d9b')
13-Aug-2024 16:50:45.257 INFO [main] org.apache.catalina.core.ApplicationContext.log SessionListener: contextDestroyed()
13-Aug-2024 16:50:45.257 INFO [main] org.apache.catalina.core.ApplicationContext.log ContextListener: contextDestroyed()
13-Aug-2024 16:51:21.252 INFO [main] org.apache.catalina.core.ApplicationContext.log ContextListener: contextInitialized()
13-Aug-2024 16:51:21.252 INFO [main] org.apache.catalina.core.ApplicationContext.log SessionListener: contextInitialized()
13-Aug-2024 16:51:21.252 INFO [main] org.apache.catalina.core.ApplicationContext.log ContextListener: attributeAdded('StockTicker', 'async.Stockticker@776a6d9b')
13-Aug-2024 16:51:22.466 INFO [main] org.apache.catalina.core.ApplicationContext.log SessionListener: contextDestroyed()
13-Aug-2024 16:51:22.466 INFO [main] org.apache.catalina.core.ApplicationContext.log ContextListener: contextDestroyed()
13-Aug-2024 17:20:46.301 INFO [main] org.apache.catalina.core.ApplicationContext.log ContextListener: contextInitialized()
13-Aug-2024 17:20:46.301 INFO [main] org.apache.catalina.core.ApplicationContext.log SessionListener: contextInitialized()
13-Aug-2024 17:20:46.306 INFO [main] org.apache.catalina.core.ApplicationContext.log ContextListener: attributeAdded('StockTicker', 'async.Stockticker@776a6d9b')
